1
0.0000000000
0

2
0.0000000000
1
1.0000000000 1.0000000000 1.0000000000 3 0

2
0.0000000000
1
1.0000000000 1.0000000000 1.0000000000 3 1

2
0.0000000000
1
1.0000000000 1.0000000000 1.0000000000 3 2

2
0.0000000000
1
1.0000000000 1.0000000000 1.0000000000 3 3

4
3.8300000000
2
1.0000000000 1.0000000000 1.0000000000 3 0
1.0000000000 0.0000000000 1.0000000000 3 0

8
3.8300000000
2
1.0000000000 1.0000000000 1.0000000000 3 1
1.0000000000 0.0000000000 1.0000000000 3 0

8
3.8300000000
2
1.0000000000 1.0000000000 1.0000000000 3 2
1.0000000000 0.0000000000 1.0000000000 3 0

8
3.8300000000
2
1.0000000000 1.0000000000 1.0000000000 3 3
1.0000000000 0.0000000000 1.0000000000 3 0

4
3.8300000000
2
1.0000000000 1.0000000000 1.0000000000 3 1
1.0000000000 0.0000000000 1.0000000000 3 1

8
3.8300000000
2
1.0000000000 1.0000000000 1.0000000000 3 2
1.0000000000 0.0000000000 1.0000000000 3 1

8
3.8300000000
2
1.0000000000 1.0000000000 1.0000000000 3 3
1.0000000000 0.0000000000 1.0000000000 3 1

4
3.8300000000
2
1.0000000000 1.0000000000 1.0000000000 3 2
1.0000000000 0.0000000000 1.0000000000 3 2

8
3.8300000000
2
1.0000000000 1.0000000000 1.0000000000 3 3
1.0000000000 0.0000000000 1.0000000000 3 2

4
3.8300000000
2
1.0000000000 1.0000000000 1.0000000000 3 3
1.0000000000 0.0000000000 1.0000000000 3 3

