3.8300000000 0.0000000000 0.0000000000
0.0000000000 3.8300000000 0.0000000000
0.0000000000 0.0000000000 12.6000000000
1.0000000000 0.0000000000 0.0000000000
0.0000000000 1.0000000000 0.0000000000
-0.0000000000 0.0000000000 1.0000000000
1.0000000000 1.0000000000 1.0000000000 Co
0.5000000000 0.5000000000 0.5000000000 Co
end

3.8300000000 0.0000000000 0.0000000000
0.0000000000 3.8300000000 0.0000000000
0.0000000000 0.0000000000 12.6000000000
1.0000000000 0.0000000000 0.0000000000
0.0000000000 1.0000000000 0.0000000000
-0.0000000000 0.0000000000 1.0000000000
1.0000000000 1.0000000000 1.0000000000 Cu
0.5000000000 0.5000000000 0.5000000000 Cu
end

3.8300000000 0.0000000000 0.0000000000
0.0000000000 3.8300000000 0.0000000000
0.0000000000 0.0000000000 12.6000000000
1.0000000000 0.0000000000 0.0000000000
0.0000000000 1.0000000000 0.0000000000
-0.0000000000 0.0000000000 1.0000000000
1.0000000000 1.0000000000 1.0000000000 Ni
0.5000000000 0.5000000000 0.5000000000 Ni
end

3.8300000000 0.0000000000 0.0000000000
0.0000000000 3.8300000000 0.0000000000
0.0000000000 0.0000000000 12.6000000000
2.0000000000 0.0000000000 0.0000000000
-0.0000000000 2.0000000000 0.0000000000
-0.0000000000 -0.0000000000 1.0000000000
0.0000000000 0.0000000000 0.0000000000 Mg
1.0000000000 0.0000000000 0.0000000000 Mg
-0.0000000000 1.0000000000 0.0000000000 Mg
1.0000000000 1.0000000000 0.0000000000 Mg
0.5000000000 0.5000000000 0.5000000000 Mg
1.5000000000 0.5000000000 0.5000000000 Mg
0.5000000000 1.5000000000 0.5000000000 Mg
1.5000000000 1.5000000000 0.5000000000 Ni
end

3.8300000000 0.0000000000 0.0000000000
0.0000000000 3.8300000000 0.0000000000
0.0000000000 0.0000000000 12.6000000000
2.0000000000 0.0000000000 0.0000000000
-0.0000000000 2.0000000000 0.0000000000
-0.0000000000 -0.0000000000 1.0000000000
0.0000000000 0.0000000000 0.0000000000 Mg
1.0000000000 0.0000000000 0.0000000000 Mg
-0.0000000000 1.0000000000 0.0000000000 Mg
1.0000000000 1.0000000000 0.0000000000 Mg
0.5000000000 0.5000000000 0.5000000000 Mg
1.5000000000 0.5000000000 0.5000000000 Mg
0.5000000000 1.5000000000 0.5000000000 Mg
1.5000000000 1.5000000000 0.5000000000 Zn
end

3.8300000000 0.0000000000 0.0000000000
0.0000000000 3.8300000000 0.0000000000
0.0000000000 0.0000000000 12.6000000000
2.0000000000 0.0000000000 0.0000000000
-0.0000000000 2.0000000000 0.0000000000
-0.0000000000 -0.0000000000 1.0000000000
0.0000000000 0.0000000000 0.0000000000 Cu
1.0000000000 0.0000000000 0.0000000000 Mg
-0.0000000000 1.0000000000 0.0000000000 Mg
1.0000000000 1.0000000000 0.0000000000 Mg
0.5000000000 0.5000000000 0.5000000000 Mg
1.5000000000 0.5000000000 0.5000000000 Mg
0.5000000000 1.5000000000 0.5000000000 Mg
1.5000000000 1.5000000000 0.5000000000 Mg
end

3.8300000000 0.0000000000 0.0000000000
0.0000000000 3.8300000000 0.0000000000
0.0000000000 0.0000000000 12.6000000000
2.0000000000 0.0000000000 0.0000000000
-0.0000000000 2.0000000000 0.0000000000
-0.0000000000 -0.0000000000 1.0000000000
0.0000000000 0.0000000000 0.0000000000 Co
1.0000000000 0.0000000000 0.0000000000 Mg
-0.0000000000 1.0000000000 0.0000000000 Mg
1.0000000000 1.0000000000 0.0000000000 Mg
0.5000000000 0.5000000000 0.5000000000 Mg
1.5000000000 0.5000000000 0.5000000000 Mg
0.5000000000 1.5000000000 0.5000000000 Mg
1.5000000000 1.5000000000 0.5000000000 Mg
end

3.8300000000 0.0000000000 0.0000000000
0.0000000000 3.8300000000 0.0000000000
0.0000000000 0.0000000000 12.6000000000
1.0000000000 0.0000000000 0.0000000000
0.0000000000 1.0000000000 0.0000000000
-0.0000000000 0.0000000000 1.0000000000
1.0000000000 1.0000000000 1.0000000000 Mg
0.5000000000 0.5000000000 0.5000000000 Mg
end

3.8300000000 0.0000000000 0.0000000000
0.0000000000 3.8300000000 0.0000000000
0.0000000000 0.0000000000 12.6000000000
2.0000000000 0.0000000000 0.0000000000
-0.0000000000 2.0000000000 0.0000000000
-0.0000000000 -0.0000000000 1.0000000000
0.0000000000 0.0000000000 0.0000000000 Mg
1.0000000000 0.0000000000 0.0000000000 Mg
-0.0000000000 1.0000000000 0.0000000000 Mg
1.0000000000 1.0000000000 0.0000000000 Mg
0.5000000000 0.5000000000 0.5000000000 Mg
1.5000000000 0.5000000000 0.5000000000 Zn
0.5000000000 1.5000000000 0.5000000000 Mg
1.5000000000 1.5000000000 0.5000000000 Zn
end

3.8300000000 0.0000000000 0.0000000000
0.0000000000 3.8300000000 0.0000000000
0.0000000000 0.0000000000 12.6000000000
2.0000000000 0.0000000000 0.0000000000
-0.0000000000 2.0000000000 0.0000000000
-0.0000000000 -0.0000000000 1.0000000000
0.0000000000 0.0000000000 0.0000000000 Mg
1.0000000000 0.0000000000 0.0000000000 Mg
-0.0000000000 1.0000000000 0.0000000000 Zn
1.0000000000 1.0000000000 0.0000000000 Zn
0.5000000000 0.5000000000 0.5000000000 Mg
1.5000000000 0.5000000000 0.5000000000 Zn
0.5000000000 1.5000000000 0.5000000000 Mg
1.5000000000 1.5000000000 0.5000000000 Zn
end

3.8300000000 0.0000000000 0.0000000000
0.0000000000 3.8300000000 0.0000000000
0.0000000000 0.0000000000 12.6000000000
2.0000000000 0.0000000000 0.0000000000
-0.0000000000 2.0000000000 0.0000000000
-0.0000000000 -0.0000000000 1.0000000000
0.0000000000 0.0000000000 0.0000000000 Mg
1.0000000000 0.0000000000 0.0000000000 Zn
-0.0000000000 1.0000000000 0.0000000000 Zn
1.0000000000 1.0000000000 0.0000000000 Zn
0.5000000000 0.5000000000 0.5000000000 Mg
1.5000000000 0.5000000000 0.5000000000 Zn
0.5000000000 1.5000000000 0.5000000000 Zn
1.5000000000 1.5000000000 0.5000000000 Zn
end

3.8300000000 0.0000000000 0.0000000000
0.0000000000 3.8300000000 0.0000000000
0.0000000000 0.0000000000 12.6000000000
2.0000000000 0.0000000000 0.0000000000
-0.0000000000 2.0000000000 0.0000000000
-0.0000000000 -0.0000000000 1.0000000000
0.0000000000 0.0000000000 0.0000000000 Mg
1.0000000000 0.0000000000 0.0000000000 Zn
-0.0000000000 1.0000000000 0.0000000000 Zn
1.0000000000 1.0000000000 0.0000000000 Zn
0.5000000000 0.5000000000 0.5000000000 Zn
1.5000000000 0.5000000000 0.5000000000 Zn
0.5000000000 1.5000000000 0.5000000000 Zn
1.5000000000 1.5000000000 0.5000000000 Zn
end

3.8300000000 0.0000000000 0.0000000000
0.0000000000 3.8300000000 0.0000000000
0.0000000000 0.0000000000 12.6000000000
2.0000000000 0.0000000000 0.0000000000
-0.0000000000 2.0000000000 0.0000000000
-0.0000000000 -0.0000000000 1.0000000000
0.0000000000 0.0000000000 0.0000000000 Ni
1.0000000000 0.0000000000 0.0000000000 Zn
-0.0000000000 1.0000000000 0.0000000000 Zn
1.0000000000 1.0000000000 0.0000000000 Zn
0.5000000000 0.5000000000 0.5000000000 Zn
1.5000000000 0.5000000000 0.5000000000 Zn
0.5000000000 1.5000000000 0.5000000000 Zn
1.5000000000 1.5000000000 0.5000000000 Zn
end

3.8300000000 0.0000000000 0.0000000000
0.0000000000 3.8300000000 0.0000000000
0.0000000000 0.0000000000 12.6000000000
2.0000000000 0.0000000000 0.0000000000
-0.0000000000 2.0000000000 0.0000000000
-0.0000000000 -0.0000000000 1.0000000000
0.0000000000 0.0000000000 0.0000000000 Cu
1.0000000000 0.0000000000 0.0000000000 Zn
-0.0000000000 1.0000000000 0.0000000000 Zn
1.0000000000 1.0000000000 0.0000000000 Zn
0.5000000000 0.5000000000 0.5000000000 Zn
1.5000000000 0.5000000000 0.5000000000 Zn
0.5000000000 1.5000000000 0.5000000000 Zn
1.5000000000 1.5000000000 0.5000000000 Zn
end

3.8300000000 0.0000000000 0.0000000000
0.0000000000 3.8300000000 0.0000000000
0.0000000000 0.0000000000 12.6000000000
2.0000000000 0.0000000000 0.0000000000
-0.0000000000 2.0000000000 0.0000000000
-0.0000000000 -0.0000000000 1.0000000000
0.0000000000 0.0000000000 0.0000000000 Co
1.0000000000 0.0000000000 0.0000000000 Zn
-0.0000000000 1.0000000000 0.0000000000 Zn
1.0000000000 1.0000000000 0.0000000000 Zn
0.5000000000 0.5000000000 0.5000000000 Zn
1.5000000000 0.5000000000 0.5000000000 Zn
0.5000000000 1.5000000000 0.5000000000 Zn
1.5000000000 1.5000000000 0.5000000000 Zn
end

3.8300000000 0.0000000000 0.0000000000
0.0000000000 3.8300000000 0.0000000000
0.0000000000 0.0000000000 12.6000000000
1.0000000000 0.0000000000 0.0000000000
0.0000000000 1.0000000000 0.0000000000
-0.0000000000 0.0000000000 1.0000000000
1.0000000000 1.0000000000 1.0000000000 Zn
0.5000000000 0.5000000000 0.5000000000 Zn
end

