  3.830  0.000  0.000
  0.000  3.830  0.000
  0.000  0.000 12.600
  8.000  0.000  0.000
  0.000  8.000  0.000
  0.000  0.000 10.000
  0.000  0.000  0.000  Co
  1.000  0.000  0.000  Co
  2.000  0.000  0.000  Co
  3.000  0.000  0.000  Co
  4.000  0.000  0.000  Co
  5.000  0.000  0.000  Co
  6.000  0.000  0.000  Co
  7.000  0.000  0.000  Co
  0.000  1.000  0.000  Co
  1.000  1.000  0.000  Co
  2.000  1.000  0.000  Co
  3.000  1.000  0.000  Co
  4.000  1.000  0.000  Co
  5.000  1.000  0.000  Co
  6.000  1.000  0.000  Co
  7.000  1.000  0.000  Co
  0.000  2.000  0.000  Co
  1.000  2.000  0.000  Co
  2.000  2.000  0.000  Co
  3.000  2.000  0.000  Co
  4.000  2.000  0.000  Co
  5.000  2.000  0.000  Co
  6.000  2.000  0.000  Co
  7.000  2.000  0.000  Co
  0.000  3.000  0.000  Co
  1.000  3.000  0.000  Co
  2.000  3.000  0.000  Co
  3.000  3.000  0.000  Co
  4.000  3.000  0.000  Co
  5.000  3.000  0.000  Co
  6.000  3.000  0.000  Co
  7.000  3.000  0.000  Co
  0.000  4.000  0.000  Co
  1.000  4.000  0.000  Co
  2.000  4.000  0.000  Co
  3.000  4.000  0.000  Co
  4.000  4.000  0.000  Co
  5.000  4.000  0.000  Co
  6.000  4.000  0.000  Co
  7.000  4.000  0.000  Co
  0.000  5.000  0.000  Co
  1.000  5.000  0.000  Co
  2.000  5.000  0.000  Co
  3.000  5.000  0.000  Co
  4.000  5.000  0.000  Co
  5.000  5.000  0.000  Co
  6.000  5.000  0.000  Co
  7.000  5.000  0.000  Co
  0.000  6.000  0.000  Co
  1.000  6.000  0.000  Co
  2.000  6.000  0.000  Co
  3.000  6.000  0.000  Co
  4.000  6.000  0.000  Co
  5.000  6.000  0.000  Co
  6.000  6.000  0.000  Co
  7.000  6.000  0.000  Co
  0.000  7.000  0.000  Co
  1.000  7.000  0.000  Co
  2.000  7.000  0.000  Co
  3.000  7.000  0.000  Co
  4.000  7.000  0.000  Co
  5.000  7.000  0.000  Co
  6.000  7.000  0.000  Co
  7.000  7.000  0.000  Co
  0.500  0.500  0.500  Co
  1.500  0.500  0.500  Co
  2.500  0.500  0.500  Co
  3.500  0.500  0.500  Co
  4.500  0.500  0.500  Co
  5.500  0.500  0.500  Co
  6.500  0.500  0.500  Co
  7.500  0.500  0.500  Co
  0.500  1.500  0.500  Co
  1.500  1.500  0.500  Co
  2.500  1.500  0.500  Co
  3.500  1.500  0.500  Co
  4.500  1.500  0.500  Co
  5.500  1.500  0.500  Co
  6.500  1.500  0.500  Co
  7.500  1.500  0.500  Co
  0.500  2.500  0.500  Co
  1.500  2.500  0.500  Co
  2.500  2.500  0.500  Co
  3.500  2.500  0.500  Co
  4.500  2.500  0.500  Co
  5.500  2.500  0.500  Co
  6.500  2.500  0.500  Co
  7.500  2.500  0.500  Co
  0.500  3.500  0.500  Co
  1.500  3.500  0.500  Co
  2.500  3.500  0.500  Co
  3.500  3.500  0.500  Co
  4.500  3.500  0.500  Co
  5.500  3.500  0.500  Co
  6.500  3.500  0.500  Co
  7.500  3.500  0.500  Co
  0.500  4.500  0.500  Co
  1.500  4.500  0.500  Co
  2.500  4.500  0.500  Co
  3.500  4.500  0.500  Co
  4.500  4.500  0.500  Co
  5.500  4.500  0.500  Co
  6.500  4.500  0.500  Co
  7.500  4.500  0.500  Co
  0.500  5.500  0.500  Co
  1.500  5.500  0.500  Co
  2.500  5.500  0.500  Co
  3.500  5.500  0.500  Co
  4.500  5.500  0.500  Co
  5.500  5.500  0.500  Co
  6.500  5.500  0.500  Co
  7.500  5.500  0.500  Co
  0.500  6.500  0.500  Co
  1.500  6.500  0.500  Co
  2.500  6.500  0.500  Co
  3.500  6.500  0.500  Co
  4.500  6.500  0.500  Co
  5.500  6.500  0.500  Co
  6.500  6.500  0.500  Co
  7.500  6.500  0.500  Co
  0.500  7.500  0.500  Co
  1.500  7.500  0.500  Co
  2.500  7.500  0.500  Co
  3.500  7.500  0.500  Co
  4.500  7.500  0.500  Co
  5.500  7.500  0.500  Co
  6.500  7.500  0.500  Co
  7.500  7.500  0.500  Co
  0.000  0.000  1.000  Co
  1.000  0.000  1.000  Co
  2.000  0.000  1.000  Co
  3.000  0.000  1.000  Co
  4.000  0.000  1.000  Co
  5.000  0.000  1.000  Co
  6.000  0.000  1.000  Co
  7.000  0.000  1.000  Co
  0.000  1.000  1.000  Co
  1.000  1.000  1.000  Co
  2.000  1.000  1.000  Co
  3.000  1.000  1.000  Co
  4.000  1.000  1.000  Co
  5.000  1.000  1.000  Co
  6.000  1.000  1.000  Co
  7.000  1.000  1.000  Co
  0.000  2.000  1.000  Co
  1.000  2.000  1.000  Co
  2.000  2.000  1.000  Co
  3.000  2.000  1.000  Co
  4.000  2.000  1.000  Co
  5.000  2.000  1.000  Co
  6.000  2.000  1.000  Co
  7.000  2.000  1.000  Co
  0.000  3.000  1.000  Co
  1.000  3.000  1.000  Co
  2.000  3.000  1.000  Co
  3.000  3.000  1.000  Co
  4.000  3.000  1.000  Co
  5.000  3.000  1.000  Co
  6.000  3.000  1.000  Co
  7.000  3.000  1.000  Co
  0.000  4.000  1.000  Co
  1.000  4.000  1.000  Co
  2.000  4.000  1.000  Co
  3.000  4.000  1.000  Co
  4.000  4.000  1.000  Co
  5.000  4.000  1.000  Co
  6.000  4.000  1.000  Co
  7.000  4.000  1.000  Co
  0.000  5.000  1.000  Co
  1.000  5.000  1.000  Co
  2.000  5.000  1.000  Co
  3.000  5.000  1.000  Co
  4.000  5.000  1.000  Co
  5.000  5.000  1.000  Co
  6.000  5.000  1.000  Co
  7.000  5.000  1.000  Co
  0.000  6.000  1.000  Co
  1.000  6.000  1.000  Co
  2.000  6.000  1.000  Co
  3.000  6.000  1.000  Co
  4.000  6.000  1.000  Co
  5.000  6.000  1.000  Co
  6.000  6.000  1.000  Co
  7.000  6.000  1.000  Co
  0.000  7.000  1.000  Co
  1.000  7.000  1.000  Co
  2.000  7.000  1.000  Co
  3.000  7.000  1.000  Co
  4.000  7.000  1.000  Co
  5.000  7.000  1.000  Co
  6.000  7.000  1.000  Co
  7.000  7.000  1.000  Co
  0.500  0.500  1.500  Co
  1.500  0.500  1.500  Co
  2.500  0.500  1.500  Co
  3.500  0.500  1.500  Co
  4.500  0.500  1.500  Co
  5.500  0.500  1.500  Co
  6.500  0.500  1.500  Co
  7.500  0.500  1.500  Co
  0.500  1.500  1.500  Co
  1.500  1.500  1.500  Co
  2.500  1.500  1.500  Co
  3.500  1.500  1.500  Co
  4.500  1.500  1.500  Co
  5.500  1.500  1.500  Co
  6.500  1.500  1.500  Co
  7.500  1.500  1.500  Co
  0.500  2.500  1.500  Co
  1.500  2.500  1.500  Co
  2.500  2.500  1.500  Co
  3.500  2.500  1.500  Co
  4.500  2.500  1.500  Co
  5.500  2.500  1.500  Co
  6.500  2.500  1.500  Co
  7.500  2.500  1.500  Co
  0.500  3.500  1.500  Co
  1.500  3.500  1.500  Co
  2.500  3.500  1.500  Co
  3.500  3.500  1.500  Co
  4.500  3.500  1.500  Co
  5.500  3.500  1.500  Co
  6.500  3.500  1.500  Co
  7.500  3.500  1.500  Co
  0.500  4.500  1.500  Co
  1.500  4.500  1.500  Co
  2.500  4.500  1.500  Co
  3.500  4.500  1.500  Co
  4.500  4.500  1.500  Co
  5.500  4.500  1.500  Co
  6.500  4.500  1.500  Co
  7.500  4.500  1.500  Co
  0.500  5.500  1.500  Co
  1.500  5.500  1.500  Co
  2.500  5.500  1.500  Co
  3.500  5.500  1.500  Co
  4.500  5.500  1.500  Co
  5.500  5.500  1.500  Co
  6.500  5.500  1.500  Co
  7.500  5.500  1.500  Co
  0.500  6.500  1.500  Co
  1.500  6.500  1.500  Co
  2.500  6.500  1.500  Co
  3.500  6.500  1.500  Co
  4.500  6.500  1.500  Co
  5.500  6.500  1.500  Co
  6.500  6.500  1.500  Co
  7.500  6.500  1.500  Co
  0.500  7.500  1.500  Co
  1.500  7.500  1.500  Co
  2.500  7.500  1.500  Co
  3.500  7.500  1.500  Co
  4.500  7.500  1.500  Co
  5.500  7.500  1.500  Co
  6.500  7.500  1.500  Co
  7.500  7.500  1.500  Co
  0.000  0.000  2.000  Ni
  1.000  0.000  2.000  Ni
  2.000  0.000  2.000  Ni
  3.000  0.000  2.000  Ni
  4.000  0.000  2.000  Ni
  5.000  0.000  2.000  Ni
  6.000  0.000  2.000  Ni
  7.000  0.000  2.000  Ni
  0.000  1.000  2.000  Ni
  1.000  1.000  2.000  Ni
  2.000  1.000  2.000  Ni
  3.000  1.000  2.000  Ni
  4.000  1.000  2.000  Ni
  5.000  1.000  2.000  Ni
  6.000  1.000  2.000  Ni
  7.000  1.000  2.000  Ni
  0.000  2.000  2.000  Ni
  1.000  2.000  2.000  Ni
  2.000  2.000  2.000  Ni
  3.000  2.000  2.000  Ni
  4.000  2.000  2.000  Ni
  5.000  2.000  2.000  Ni
  6.000  2.000  2.000  Ni
  7.000  2.000  2.000  Ni
  0.000  3.000  2.000  Ni
  1.000  3.000  2.000  Ni
  2.000  3.000  2.000  Ni
  3.000  3.000  2.000  Ni
  4.000  3.000  2.000  Ni
  5.000  3.000  2.000  Ni
  6.000  3.000  2.000  Ni
  7.000  3.000  2.000  Ni
  0.000  4.000  2.000  Ni
  1.000  4.000  2.000  Ni
  2.000  4.000  2.000  Ni
  3.000  4.000  2.000  Ni
  4.000  4.000  2.000  Ni
  5.000  4.000  2.000  Ni
  6.000  4.000  2.000  Ni
  7.000  4.000  2.000  Ni
  0.000  5.000  2.000  Ni
  1.000  5.000  2.000  Ni
  2.000  5.000  2.000  Ni
  3.000  5.000  2.000  Ni
  4.000  5.000  2.000  Ni
  5.000  5.000  2.000  Ni
  6.000  5.000  2.000  Ni
  7.000  5.000  2.000  Ni
  0.000  6.000  2.000  Ni
  1.000  6.000  2.000  Ni
  2.000  6.000  2.000  Ni
  3.000  6.000  2.000  Ni
  4.000  6.000  2.000  Ni
  5.000  6.000  2.000  Ni
  6.000  6.000  2.000  Ni
  7.000  6.000  2.000  Ni
  0.000  7.000  2.000  Ni
  1.000  7.000  2.000  Ni
  2.000  7.000  2.000  Ni
  3.000  7.000  2.000  Ni
  4.000  7.000  2.000  Ni
  5.000  7.000  2.000  Ni
  6.000  7.000  2.000  Ni
  7.000  7.000  2.000  Ni
  0.500  0.500  2.500  Ni
  1.500  0.500  2.500  Ni
  2.500  0.500  2.500  Ni
  3.500  0.500  2.500  Ni
  4.500  0.500  2.500  Ni
  5.500  0.500  2.500  Ni
  6.500  0.500  2.500  Ni
  7.500  0.500  2.500  Ni
  0.500  1.500  2.500  Ni
  1.500  1.500  2.500  Ni
  2.500  1.500  2.500  Ni
  3.500  1.500  2.500  Ni
  4.500  1.500  2.500  Ni
  5.500  1.500  2.500  Ni
  6.500  1.500  2.500  Ni
  7.500  1.500  2.500  Ni
  0.500  2.500  2.500  Ni
  1.500  2.500  2.500  Ni
  2.500  2.500  2.500  Ni
  3.500  2.500  2.500  Ni
  4.500  2.500  2.500  Ni
  5.500  2.500  2.500  Ni
  6.500  2.500  2.500  Ni
  7.500  2.500  2.500  Ni
  0.500  3.500  2.500  Ni
  1.500  3.500  2.500  Ni
  2.500  3.500  2.500  Ni
  3.500  3.500  2.500  Ni
  4.500  3.500  2.500  Ni
  5.500  3.500  2.500  Ni
  6.500  3.500  2.500  Ni
  7.500  3.500  2.500  Ni
  0.500  4.500  2.500  Ni
  1.500  4.500  2.500  Ni
  2.500  4.500  2.500  Ni
  3.500  4.500  2.500  Ni
  4.500  4.500  2.500  Ni
  5.500  4.500  2.500  Ni
  6.500  4.500  2.500  Ni
  7.500  4.500  2.500  Ni
  0.500  5.500  2.500  Ni
  1.500  5.500  2.500  Ni
  2.500  5.500  2.500  Ni
  3.500  5.500  2.500  Ni
  4.500  5.500  2.500  Ni
  5.500  5.500  2.500  Ni
  6.500  5.500  2.500  Ni
  7.500  5.500  2.500  Ni
  0.500  6.500  2.500  Ni
  1.500  6.500  2.500  Ni
  2.500  6.500  2.500  Ni
  3.500  6.500  2.500  Ni
  4.500  6.500  2.500  Ni
  5.500  6.500  2.500  Ni
  6.500  6.500  2.500  Ni
  7.500  6.500  2.500  Ni
  0.500  7.500  2.500  Ni
  1.500  7.500  2.500  Ni
  2.500  7.500  2.500  Ni
  3.500  7.500  2.500  Ni
  4.500  7.500  2.500  Ni
  5.500  7.500  2.500  Ni
  6.500  7.500  2.500  Ni
  7.500  7.500  2.500  Ni
  0.000  0.000  3.000  Ni
  1.000  0.000  3.000  Ni
  2.000  0.000  3.000  Ni
  3.000  0.000  3.000  Ni
  4.000  0.000  3.000  Ni
  5.000  0.000  3.000  Ni
  6.000  0.000  3.000  Ni
  7.000  0.000  3.000  Ni
  0.000  1.000  3.000  Ni
  1.000  1.000  3.000  Ni
  2.000  1.000  3.000  Ni
  3.000  1.000  3.000  Ni
  4.000  1.000  3.000  Ni
  5.000  1.000  3.000  Ni
  6.000  1.000  3.000  Ni
  7.000  1.000  3.000  Ni
  0.000  2.000  3.000  Ni
  1.000  2.000  3.000  Ni
  2.000  2.000  3.000  Ni
  3.000  2.000  3.000  Ni
  4.000  2.000  3.000  Ni
  5.000  2.000  3.000  Ni
  6.000  2.000  3.000  Ni
  7.000  2.000  3.000  Ni
  0.000  3.000  3.000  Ni
  1.000  3.000  3.000  Ni
  2.000  3.000  3.000  Ni
  3.000  3.000  3.000  Ni
  4.000  3.000  3.000  Ni
  5.000  3.000  3.000  Ni
  6.000  3.000  3.000  Ni
  7.000  3.000  3.000  Ni
  0.000  4.000  3.000  Ni
  1.000  4.000  3.000  Ni
  2.000  4.000  3.000  Ni
  3.000  4.000  3.000  Ni
  4.000  4.000  3.000  Ni
  5.000  4.000  3.000  Ni
  6.000  4.000  3.000  Ni
  7.000  4.000  3.000  Ni
  0.000  5.000  3.000  Ni
  1.000  5.000  3.000  Ni
  2.000  5.000  3.000  Ni
  3.000  5.000  3.000  Ni
  4.000  5.000  3.000  Ni
  5.000  5.000  3.000  Ni
  6.000  5.000  3.000  Ni
  7.000  5.000  3.000  Ni
  0.000  6.000  3.000  Ni
  1.000  6.000  3.000  Ni
  2.000  6.000  3.000  Ni
  3.000  6.000  3.000  Ni
  4.000  6.000  3.000  Ni
  5.000  6.000  3.000  Ni
  6.000  6.000  3.000  Ni
  7.000  6.000  3.000  Ni
  0.000  7.000  3.000  Ni
  1.000  7.000  3.000  Ni
  2.000  7.000  3.000  Ni
  3.000  7.000  3.000  Ni
  4.000  7.000  3.000  Ni
  5.000  7.000  3.000  Ni
  6.000  7.000  3.000  Ni
  7.000  7.000  3.000  Ni
  0.500  0.500  3.500  Ni
  1.500  0.500  3.500  Ni
  2.500  0.500  3.500  Ni
  3.500  0.500  3.500  Ni
  4.500  0.500  3.500  Ni
  5.500  0.500  3.500  Ni
  6.500  0.500  3.500  Ni
  7.500  0.500  3.500  Ni
  0.500  1.500  3.500  Ni
  1.500  1.500  3.500  Ni
  2.500  1.500  3.500  Ni
  3.500  1.500  3.500  Ni
  4.500  1.500  3.500  Ni
  5.500  1.500  3.500  Ni
  6.500  1.500  3.500  Ni
  7.500  1.500  3.500  Ni
  0.500  2.500  3.500  Ni
  1.500  2.500  3.500  Ni
  2.500  2.500  3.500  Ni
  3.500  2.500  3.500  Ni
  4.500  2.500  3.500  Ni
  5.500  2.500  3.500  Ni
  6.500  2.500  3.500  Ni
  7.500  2.500  3.500  Ni
  0.500  3.500  3.500  Ni
  1.500  3.500  3.500  Ni
  2.500  3.500  3.500  Ni
  3.500  3.500  3.500  Ni
  4.500  3.500  3.500  Ni
  5.500  3.500  3.500  Ni
  6.500  3.500  3.500  Ni
  7.500  3.500  3.500  Ni
  0.500  4.500  3.500  Ni
  1.500  4.500  3.500  Ni
  2.500  4.500  3.500  Ni
  3.500  4.500  3.500  Ni
  4.500  4.500  3.500  Ni
  5.500  4.500  3.500  Ni
  6.500  4.500  3.500  Ni
  7.500  4.500  3.500  Ni
  0.500  5.500  3.500  Ni
  1.500  5.500  3.500  Ni
  2.500  5.500  3.500  Ni
  3.500  5.500  3.500  Ni
  4.500  5.500  3.500  Ni
  5.500  5.500  3.500  Ni
  6.500  5.500  3.500  Ni
  7.500  5.500  3.500  Ni
  0.500  6.500  3.500  Ni
  1.500  6.500  3.500  Ni
  2.500  6.500  3.500  Ni
  3.500  6.500  3.500  Ni
  4.500  6.500  3.500  Ni
  5.500  6.500  3.500  Ni
  6.500  6.500  3.500  Ni
  7.500  6.500  3.500  Ni
  0.500  7.500  3.500  Ni
  1.500  7.500  3.500  Ni
  2.500  7.500  3.500  Ni
  3.500  7.500  3.500  Ni
  4.500  7.500  3.500  Ni
  5.500  7.500  3.500  Ni
  6.500  7.500  3.500  Ni
  7.500  7.500  3.500  Ni
  0.000  0.000  4.000  Mg
  1.000  0.000  4.000  Mg
  2.000  0.000  4.000  Mg
  3.000  0.000  4.000  Mg
  4.000  0.000  4.000  Mg
  5.000  0.000  4.000  Mg
  6.000  0.000  4.000  Mg
  7.000  0.000  4.000  Mg
  0.000  1.000  4.000  Mg
  1.000  1.000  4.000  Mg
  2.000  1.000  4.000  Mg
  3.000  1.000  4.000  Mg
  4.000  1.000  4.000  Mg
  5.000  1.000  4.000  Mg
  6.000  1.000  4.000  Mg
  7.000  1.000  4.000  Mg
  0.000  2.000  4.000  Mg
  1.000  2.000  4.000  Mg
  2.000  2.000  4.000  Mg
  3.000  2.000  4.000  Mg
  4.000  2.000  4.000  Mg
  5.000  2.000  4.000  Mg
  6.000  2.000  4.000  Mg
  7.000  2.000  4.000  Mg
  0.000  3.000  4.000  Mg
  1.000  3.000  4.000  Mg
  2.000  3.000  4.000  Mg
  3.000  3.000  4.000  Mg
  4.000  3.000  4.000  Mg
  5.000  3.000  4.000  Mg
  6.000  3.000  4.000  Mg
  7.000  3.000  4.000  Mg
  0.000  4.000  4.000  Mg
  1.000  4.000  4.000  Mg
  2.000  4.000  4.000  Mg
  3.000  4.000  4.000  Mg
  4.000  4.000  4.000  Mg
  5.000  4.000  4.000  Mg
  6.000  4.000  4.000  Mg
  7.000  4.000  4.000  Mg
  0.000  5.000  4.000  Mg
  1.000  5.000  4.000  Mg
  2.000  5.000  4.000  Mg
  3.000  5.000  4.000  Mg
  4.000  5.000  4.000  Mg
  5.000  5.000  4.000  Mg
  6.000  5.000  4.000  Mg
  7.000  5.000  4.000  Mg
  0.000  6.000  4.000  Mg
  1.000  6.000  4.000  Mg
  2.000  6.000  4.000  Mg
  3.000  6.000  4.000  Mg
  4.000  6.000  4.000  Mg
  5.000  6.000  4.000  Mg
  6.000  6.000  4.000  Mg
  7.000  6.000  4.000  Mg
  0.000  7.000  4.000  Mg
  1.000  7.000  4.000  Mg
  2.000  7.000  4.000  Mg
  3.000  7.000  4.000  Mg
  4.000  7.000  4.000  Mg
  5.000  7.000  4.000  Mg
  6.000  7.000  4.000  Mg
  7.000  7.000  4.000  Mg
  0.500  0.500  4.500  Mg
  1.500  0.500  4.500  Mg
  2.500  0.500  4.500  Mg
  3.500  0.500  4.500  Mg
  4.500  0.500  4.500  Mg
  5.500  0.500  4.500  Mg
  6.500  0.500  4.500  Mg
  7.500  0.500  4.500  Mg
  0.500  1.500  4.500  Mg
  1.500  1.500  4.500  Mg
  2.500  1.500  4.500  Mg
  3.500  1.500  4.500  Mg
  4.500  1.500  4.500  Mg
  5.500  1.500  4.500  Mg
  6.500  1.500  4.500  Mg
  7.500  1.500  4.500  Mg
  0.500  2.500  4.500  Mg
  1.500  2.500  4.500  Mg
  2.500  2.500  4.500  Mg
  3.500  2.500  4.500  Mg
  4.500  2.500  4.500  Mg
  5.500  2.500  4.500  Mg
  6.500  2.500  4.500  Mg
  7.500  2.500  4.500  Mg
  0.500  3.500  4.500  Mg
  1.500  3.500  4.500  Mg
  2.500  3.500  4.500  Mg
  3.500  3.500  4.500  Mg
  4.500  3.500  4.500  Mg
  5.500  3.500  4.500  Mg
  6.500  3.500  4.500  Mg
  7.500  3.500  4.500  Mg
  0.500  4.500  4.500  Mg
  1.500  4.500  4.500  Mg
  2.500  4.500  4.500  Mg
  3.500  4.500  4.500  Mg
  4.500  4.500  4.500  Mg
  5.500  4.500  4.500  Mg
  6.500  4.500  4.500  Mg
  7.500  4.500  4.500  Mg
  0.500  5.500  4.500  Mg
  1.500  5.500  4.500  Mg
  2.500  5.500  4.500  Mg
  3.500  5.500  4.500  Mg
  4.500  5.500  4.500  Mg
  5.500  5.500  4.500  Mg
  6.500  5.500  4.500  Mg
  7.500  5.500  4.500  Mg
  0.500  6.500  4.500  Mg
  1.500  6.500  4.500  Mg
  2.500  6.500  4.500  Mg
  3.500  6.500  4.500  Mg
  4.500  6.500  4.500  Mg
  5.500  6.500  4.500  Mg
  6.500  6.500  4.500  Mg
  7.500  6.500  4.500  Mg
  0.500  7.500  4.500  Mg
  1.500  7.500  4.500  Mg
  2.500  7.500  4.500  Mg
  3.500  7.500  4.500  Mg
  4.500  7.500  4.500  Mg
  5.500  7.500  4.500  Mg
  6.500  7.500  4.500  Mg
  7.500  7.500  4.500  Mg
  0.000  0.000  5.000  Mg
  1.000  0.000  5.000  Mg
  2.000  0.000  5.000  Mg
  3.000  0.000  5.000  Mg
  4.000  0.000  5.000  Mg
  5.000  0.000  5.000  Mg
  6.000  0.000  5.000  Mg
  7.000  0.000  5.000  Mg
  0.000  1.000  5.000  Mg
  1.000  1.000  5.000  Mg
  2.000  1.000  5.000  Mg
  3.000  1.000  5.000  Mg
  4.000  1.000  5.000  Mg
  5.000  1.000  5.000  Mg
  6.000  1.000  5.000  Mg
  7.000  1.000  5.000  Mg
  0.000  2.000  5.000  Mg
  1.000  2.000  5.000  Mg
  2.000  2.000  5.000  Mg
  3.000  2.000  5.000  Mg
  4.000  2.000  5.000  Mg
  5.000  2.000  5.000  Mg
  6.000  2.000  5.000  Mg
  7.000  2.000  5.000  Mg
  0.000  3.000  5.000  Mg
  1.000  3.000  5.000  Mg
  2.000  3.000  5.000  Mg
  3.000  3.000  5.000  Mg
  4.000  3.000  5.000  Mg
  5.000  3.000  5.000  Mg
  6.000  3.000  5.000  Mg
  7.000  3.000  5.000  Mg
  0.000  4.000  5.000  Mg
  1.000  4.000  5.000  Mg
  2.000  4.000  5.000  Mg
  3.000  4.000  5.000  Mg
  4.000  4.000  5.000  Mg
  5.000  4.000  5.000  Mg
  6.000  4.000  5.000  Mg
  7.000  4.000  5.000  Mg
  0.000  5.000  5.000  Mg
  1.000  5.000  5.000  Mg
  2.000  5.000  5.000  Mg
  3.000  5.000  5.000  Mg
  4.000  5.000  5.000  Mg
  5.000  5.000  5.000  Mg
  6.000  5.000  5.000  Mg
  7.000  5.000  5.000  Mg
  0.000  6.000  5.000  Mg
  1.000  6.000  5.000  Mg
  2.000  6.000  5.000  Mg
  3.000  6.000  5.000  Mg
  4.000  6.000  5.000  Mg
  5.000  6.000  5.000  Mg
  6.000  6.000  5.000  Mg
  7.000  6.000  5.000  Mg
  0.000  7.000  5.000  Mg
  1.000  7.000  5.000  Mg
  2.000  7.000  5.000  Mg
  3.000  7.000  5.000  Mg
  4.000  7.000  5.000  Mg
  5.000  7.000  5.000  Mg
  6.000  7.000  5.000  Mg
  7.000  7.000  5.000  Mg
  0.500  0.500  5.500  Mg
  1.500  0.500  5.500  Mg
  2.500  0.500  5.500  Mg
  3.500  0.500  5.500  Mg
  4.500  0.500  5.500  Mg
  5.500  0.500  5.500  Mg
  6.500  0.500  5.500  Mg
  7.500  0.500  5.500  Mg
  0.500  1.500  5.500  Mg
  1.500  1.500  5.500  Mg
  2.500  1.500  5.500  Mg
  3.500  1.500  5.500  Mg
  4.500  1.500  5.500  Mg
  5.500  1.500  5.500  Mg
  6.500  1.500  5.500  Mg
  7.500  1.500  5.500  Mg
  0.500  2.500  5.500  Mg
  1.500  2.500  5.500  Mg
  2.500  2.500  5.500  Mg
  3.500  2.500  5.500  Mg
  4.500  2.500  5.500  Mg
  5.500  2.500  5.500  Mg
  6.500  2.500  5.500  Mg
  7.500  2.500  5.500  Mg
  0.500  3.500  5.500  Mg
  1.500  3.500  5.500  Mg
  2.500  3.500  5.500  Mg
  3.500  3.500  5.500  Mg
  4.500  3.500  5.500  Mg
  5.500  3.500  5.500  Mg
  6.500  3.500  5.500  Mg
  7.500  3.500  5.500  Mg
  0.500  4.500  5.500  Mg
  1.500  4.500  5.500  Mg
  2.500  4.500  5.500  Mg
  3.500  4.500  5.500  Mg
  4.500  4.500  5.500  Mg
  5.500  4.500  5.500  Mg
  6.500  4.500  5.500  Mg
  7.500  4.500  5.500  Mg
  0.500  5.500  5.500  Mg
  1.500  5.500  5.500  Mg
  2.500  5.500  5.500  Mg
  3.500  5.500  5.500  Mg
  4.500  5.500  5.500  Mg
  5.500  5.500  5.500  Mg
  6.500  5.500  5.500  Mg
  7.500  5.500  5.500  Mg
  0.500  6.500  5.500  Mg
  1.500  6.500  5.500  Mg
  2.500  6.500  5.500  Mg
  3.500  6.500  5.500  Mg
  4.500  6.500  5.500  Mg
  5.500  6.500  5.500  Mg
  6.500  6.500  5.500  Mg
  7.500  6.500  5.500  Mg
  0.500  7.500  5.500  Mg
  1.500  7.500  5.500  Mg
  2.500  7.500  5.500  Mg
  3.500  7.500  5.500  Mg
  4.500  7.500  5.500  Mg
  5.500  7.500  5.500  Mg
  6.500  7.500  5.500  Mg
  7.500  7.500  5.500  Mg
  0.000  0.000  6.000  Cu
  1.000  0.000  6.000  Cu
  2.000  0.000  6.000  Cu
  3.000  0.000  6.000  Cu
  4.000  0.000  6.000  Cu
  5.000  0.000  6.000  Cu
  6.000  0.000  6.000  Cu
  7.000  0.000  6.000  Cu
  0.000  1.000  6.000  Cu
  1.000  1.000  6.000  Cu
  2.000  1.000  6.000  Cu
  3.000  1.000  6.000  Cu
  4.000  1.000  6.000  Cu
  5.000  1.000  6.000  Cu
  6.000  1.000  6.000  Cu
  7.000  1.000  6.000  Cu
  0.000  2.000  6.000  Cu
  1.000  2.000  6.000  Cu
  2.000  2.000  6.000  Cu
  3.000  2.000  6.000  Cu
  4.000  2.000  6.000  Cu
  5.000  2.000  6.000  Cu
  6.000  2.000  6.000  Cu
  7.000  2.000  6.000  Cu
  0.000  3.000  6.000  Cu
  1.000  3.000  6.000  Cu
  2.000  3.000  6.000  Cu
  3.000  3.000  6.000  Cu
  4.000  3.000  6.000  Cu
  5.000  3.000  6.000  Cu
  6.000  3.000  6.000  Cu
  7.000  3.000  6.000  Cu
  0.000  4.000  6.000  Cu
  1.000  4.000  6.000  Cu
  2.000  4.000  6.000  Cu
  3.000  4.000  6.000  Cu
  4.000  4.000  6.000  Cu
  5.000  4.000  6.000  Cu
  6.000  4.000  6.000  Cu
  7.000  4.000  6.000  Cu
  0.000  5.000  6.000  Cu
  1.000  5.000  6.000  Cu
  2.000  5.000  6.000  Cu
  3.000  5.000  6.000  Cu
  4.000  5.000  6.000  Cu
  5.000  5.000  6.000  Cu
  6.000  5.000  6.000  Cu
  7.000  5.000  6.000  Cu
  0.000  6.000  6.000  Cu
  1.000  6.000  6.000  Cu
  2.000  6.000  6.000  Cu
  3.000  6.000  6.000  Cu
  4.000  6.000  6.000  Cu
  5.000  6.000  6.000  Cu
  6.000  6.000  6.000  Cu
  7.000  6.000  6.000  Cu
  0.000  7.000  6.000  Cu
  1.000  7.000  6.000  Cu
  2.000  7.000  6.000  Cu
  3.000  7.000  6.000  Cu
  4.000  7.000  6.000  Cu
  5.000  7.000  6.000  Cu
  6.000  7.000  6.000  Cu
  7.000  7.000  6.000  Cu
  0.500  0.500  6.500  Cu
  1.500  0.500  6.500  Cu
  2.500  0.500  6.500  Cu
  3.500  0.500  6.500  Cu
  4.500  0.500  6.500  Cu
  5.500  0.500  6.500  Cu
  6.500  0.500  6.500  Cu
  7.500  0.500  6.500  Cu
  0.500  1.500  6.500  Cu
  1.500  1.500  6.500  Cu
  2.500  1.500  6.500  Cu
  3.500  1.500  6.500  Cu
  4.500  1.500  6.500  Cu
  5.500  1.500  6.500  Cu
  6.500  1.500  6.500  Cu
  7.500  1.500  6.500  Cu
  0.500  2.500  6.500  Cu
  1.500  2.500  6.500  Cu
  2.500  2.500  6.500  Cu
  3.500  2.500  6.500  Cu
  4.500  2.500  6.500  Cu
  5.500  2.500  6.500  Cu
  6.500  2.500  6.500  Cu
  7.500  2.500  6.500  Cu
  0.500  3.500  6.500  Cu
  1.500  3.500  6.500  Cu
  2.500  3.500  6.500  Cu
  3.500  3.500  6.500  Cu
  4.500  3.500  6.500  Cu
  5.500  3.500  6.500  Cu
  6.500  3.500  6.500  Cu
  7.500  3.500  6.500  Cu
  0.500  4.500  6.500  Cu
  1.500  4.500  6.500  Cu
  2.500  4.500  6.500  Cu
  3.500  4.500  6.500  Cu
  4.500  4.500  6.500  Cu
  5.500  4.500  6.500  Cu
  6.500  4.500  6.500  Cu
  7.500  4.500  6.500  Cu
  0.500  5.500  6.500  Cu
  1.500  5.500  6.500  Cu
  2.500  5.500  6.500  Cu
  3.500  5.500  6.500  Cu
  4.500  5.500  6.500  Cu
  5.500  5.500  6.500  Cu
  6.500  5.500  6.500  Cu
  7.500  5.500  6.500  Cu
  0.500  6.500  6.500  Cu
  1.500  6.500  6.500  Cu
  2.500  6.500  6.500  Cu
  3.500  6.500  6.500  Cu
  4.500  6.500  6.500  Cu
  5.500  6.500  6.500  Cu
  6.500  6.500  6.500  Cu
  7.500  6.500  6.500  Cu
  0.500  7.500  6.500  Cu
  1.500  7.500  6.500  Cu
  2.500  7.500  6.500  Cu
  3.500  7.500  6.500  Cu
  4.500  7.500  6.500  Cu
  5.500  7.500  6.500  Cu
  6.500  7.500  6.500  Cu
  7.500  7.500  6.500  Cu
  0.000  0.000  7.000  Cu
  1.000  0.000  7.000  Cu
  2.000  0.000  7.000  Cu
  3.000  0.000  7.000  Cu
  4.000  0.000  7.000  Cu
  5.000  0.000  7.000  Cu
  6.000  0.000  7.000  Cu
  7.000  0.000  7.000  Cu
  0.000  1.000  7.000  Cu
  1.000  1.000  7.000  Cu
  2.000  1.000  7.000  Cu
  3.000  1.000  7.000  Cu
  4.000  1.000  7.000  Cu
  5.000  1.000  7.000  Cu
  6.000  1.000  7.000  Cu
  7.000  1.000  7.000  Cu
  0.000  2.000  7.000  Cu
  1.000  2.000  7.000  Cu
  2.000  2.000  7.000  Cu
  3.000  2.000  7.000  Cu
  4.000  2.000  7.000  Cu
  5.000  2.000  7.000  Cu
  6.000  2.000  7.000  Cu
  7.000  2.000  7.000  Cu
  0.000  3.000  7.000  Cu
  1.000  3.000  7.000  Cu
  2.000  3.000  7.000  Cu
  3.000  3.000  7.000  Cu
  4.000  3.000  7.000  Cu
  5.000  3.000  7.000  Cu
  6.000  3.000  7.000  Cu
  7.000  3.000  7.000  Cu
  0.000  4.000  7.000  Cu
  1.000  4.000  7.000  Cu
  2.000  4.000  7.000  Cu
  3.000  4.000  7.000  Cu
  4.000  4.000  7.000  Cu
  5.000  4.000  7.000  Cu
  6.000  4.000  7.000  Cu
  7.000  4.000  7.000  Cu
  0.000  5.000  7.000  Cu
  1.000  5.000  7.000  Cu
  2.000  5.000  7.000  Cu
  3.000  5.000  7.000  Cu
  4.000  5.000  7.000  Cu
  5.000  5.000  7.000  Cu
  6.000  5.000  7.000  Cu
  7.000  5.000  7.000  Cu
  0.000  6.000  7.000  Cu
  1.000  6.000  7.000  Cu
  2.000  6.000  7.000  Cu
  3.000  6.000  7.000  Cu
  4.000  6.000  7.000  Cu
  5.000  6.000  7.000  Cu
  6.000  6.000  7.000  Cu
  7.000  6.000  7.000  Cu
  0.000  7.000  7.000  Cu
  1.000  7.000  7.000  Cu
  2.000  7.000  7.000  Cu
  3.000  7.000  7.000  Cu
  4.000  7.000  7.000  Cu
  5.000  7.000  7.000  Cu
  6.000  7.000  7.000  Cu
  7.000  7.000  7.000  Cu
  0.500  0.500  7.500  Cu
  1.500  0.500  7.500  Cu
  2.500  0.500  7.500  Cu
  3.500  0.500  7.500  Cu
  4.500  0.500  7.500  Cu
  5.500  0.500  7.500  Cu
  6.500  0.500  7.500  Cu
  7.500  0.500  7.500  Cu
  0.500  1.500  7.500  Cu
  1.500  1.500  7.500  Cu
  2.500  1.500  7.500  Cu
  3.500  1.500  7.500  Cu
  4.500  1.500  7.500  Cu
  5.500  1.500  7.500  Cu
  6.500  1.500  7.500  Cu
  7.500  1.500  7.500  Cu
  0.500  2.500  7.500  Cu
  1.500  2.500  7.500  Cu
  2.500  2.500  7.500  Cu
  3.500  2.500  7.500  Cu
  4.500  2.500  7.500  Cu
  5.500  2.500  7.500  Cu
  6.500  2.500  7.500  Cu
  7.500  2.500  7.500  Cu
  0.500  3.500  7.500  Cu
  1.500  3.500  7.500  Cu
  2.500  3.500  7.500  Cu
  3.500  3.500  7.500  Cu
  4.500  3.500  7.500  Cu
  5.500  3.500  7.500  Cu
  6.500  3.500  7.500  Cu
  7.500  3.500  7.500  Cu
  0.500  4.500  7.500  Cu
  1.500  4.500  7.500  Cu
  2.500  4.500  7.500  Cu
  3.500  4.500  7.500  Cu
  4.500  4.500  7.500  Cu
  5.500  4.500  7.500  Cu
  6.500  4.500  7.500  Cu
  7.500  4.500  7.500  Cu
  0.500  5.500  7.500  Cu
  1.500  5.500  7.500  Cu
  2.500  5.500  7.500  Cu
  3.500  5.500  7.500  Cu
  4.500  5.500  7.500  Cu
  5.500  5.500  7.500  Cu
  6.500  5.500  7.500  Cu
  7.500  5.500  7.500  Cu
  0.500  6.500  7.500  Cu
  1.500  6.500  7.500  Cu
  2.500  6.500  7.500  Cu
  3.500  6.500  7.500  Cu
  4.500  6.500  7.500  Cu
  5.500  6.500  7.500  Cu
  6.500  6.500  7.500  Cu
  7.500  6.500  7.500  Cu
  0.500  7.500  7.500  Cu
  1.500  7.500  7.500  Cu
  2.500  7.500  7.500  Cu
  3.500  7.500  7.500  Cu
  4.500  7.500  7.500  Cu
  5.500  7.500  7.500  Cu
  6.500  7.500  7.500  Cu
  7.500  7.500  7.500  Cu
  0.000  0.000  8.000  Zn
  1.000  0.000  8.000  Zn
  2.000  0.000  8.000  Zn
  3.000  0.000  8.000  Zn
  4.000  0.000  8.000  Zn
  5.000  0.000  8.000  Zn
  6.000  0.000  8.000  Zn
  7.000  0.000  8.000  Zn
  0.000  1.000  8.000  Zn
  1.000  1.000  8.000  Zn
  2.000  1.000  8.000  Zn
  3.000  1.000  8.000  Zn
  4.000  1.000  8.000  Zn
  5.000  1.000  8.000  Zn
  6.000  1.000  8.000  Zn
  7.000  1.000  8.000  Zn
  0.000  2.000  8.000  Zn
  1.000  2.000  8.000  Zn
  2.000  2.000  8.000  Zn
  3.000  2.000  8.000  Zn
  4.000  2.000  8.000  Zn
  5.000  2.000  8.000  Zn
  6.000  2.000  8.000  Zn
  7.000  2.000  8.000  Zn
  0.000  3.000  8.000  Zn
  1.000  3.000  8.000  Zn
  2.000  3.000  8.000  Zn
  3.000  3.000  8.000  Zn
  4.000  3.000  8.000  Zn
  5.000  3.000  8.000  Zn
  6.000  3.000  8.000  Zn
  7.000  3.000  8.000  Zn
  0.000  4.000  8.000  Zn
  1.000  4.000  8.000  Zn
  2.000  4.000  8.000  Zn
  3.000  4.000  8.000  Zn
  4.000  4.000  8.000  Zn
  5.000  4.000  8.000  Zn
  6.000  4.000  8.000  Zn
  7.000  4.000  8.000  Zn
  0.000  5.000  8.000  Zn
  1.000  5.000  8.000  Zn
  2.000  5.000  8.000  Zn
  3.000  5.000  8.000  Zn
  4.000  5.000  8.000  Zn
  5.000  5.000  8.000  Zn
  6.000  5.000  8.000  Zn
  7.000  5.000  8.000  Zn
  0.000  6.000  8.000  Zn
  1.000  6.000  8.000  Zn
  2.000  6.000  8.000  Zn
  3.000  6.000  8.000  Zn
  4.000  6.000  8.000  Zn
  5.000  6.000  8.000  Zn
  6.000  6.000  8.000  Zn
  7.000  6.000  8.000  Zn
  0.000  7.000  8.000  Zn
  1.000  7.000  8.000  Zn
  2.000  7.000  8.000  Zn
  3.000  7.000  8.000  Zn
  4.000  7.000  8.000  Zn
  5.000  7.000  8.000  Zn
  6.000  7.000  8.000  Zn
  7.000  7.000  8.000  Zn
  0.500  0.500  8.500  Zn
  1.500  0.500  8.500  Zn
  2.500  0.500  8.500  Zn
  3.500  0.500  8.500  Zn
  4.500  0.500  8.500  Zn
  5.500  0.500  8.500  Zn
  6.500  0.500  8.500  Zn
  7.500  0.500  8.500  Zn
  0.500  1.500  8.500  Zn
  1.500  1.500  8.500  Zn
  2.500  1.500  8.500  Zn
  3.500  1.500  8.500  Zn
  4.500  1.500  8.500  Zn
  5.500  1.500  8.500  Zn
  6.500  1.500  8.500  Zn
  7.500  1.500  8.500  Zn
  0.500  2.500  8.500  Zn
  1.500  2.500  8.500  Zn
  2.500  2.500  8.500  Zn
  3.500  2.500  8.500  Zn
  4.500  2.500  8.500  Zn
  5.500  2.500  8.500  Zn
  6.500  2.500  8.500  Zn
  7.500  2.500  8.500  Zn
  0.500  3.500  8.500  Zn
  1.500  3.500  8.500  Zn
  2.500  3.500  8.500  Zn
  3.500  3.500  8.500  Zn
  4.500  3.500  8.500  Zn
  5.500  3.500  8.500  Zn
  6.500  3.500  8.500  Zn
  7.500  3.500  8.500  Zn
  0.500  4.500  8.500  Zn
  1.500  4.500  8.500  Zn
  2.500  4.500  8.500  Zn
  3.500  4.500  8.500  Zn
  4.500  4.500  8.500  Zn
  5.500  4.500  8.500  Zn
  6.500  4.500  8.500  Zn
  7.500  4.500  8.500  Zn
  0.500  5.500  8.500  Zn
  1.500  5.500  8.500  Zn
  2.500  5.500  8.500  Zn
  3.500  5.500  8.500  Zn
  4.500  5.500  8.500  Zn
  5.500  5.500  8.500  Zn
  6.500  5.500  8.500  Zn
  7.500  5.500  8.500  Zn
  0.500  6.500  8.500  Zn
  1.500  6.500  8.500  Zn
  2.500  6.500  8.500  Zn
  3.500  6.500  8.500  Zn
  4.500  6.500  8.500  Zn
  5.500  6.500  8.500  Zn
  6.500  6.500  8.500  Zn
  7.500  6.500  8.500  Zn
  0.500  7.500  8.500  Zn
  1.500  7.500  8.500  Zn
  2.500  7.500  8.500  Zn
  3.500  7.500  8.500  Zn
  4.500  7.500  8.500  Zn
  5.500  7.500  8.500  Zn
  6.500  7.500  8.500  Zn
  7.500  7.500  8.500  Zn
  0.000  0.000  9.000  Zn
  1.000  0.000  9.000  Zn
  2.000  0.000  9.000  Zn
  3.000  0.000  9.000  Zn
  4.000  0.000  9.000  Zn
  5.000  0.000  9.000  Zn
  6.000  0.000  9.000  Zn
  7.000  0.000  9.000  Zn
  0.000  1.000  9.000  Zn
  1.000  1.000  9.000  Zn
  2.000  1.000  9.000  Zn
  3.000  1.000  9.000  Zn
  4.000  1.000  9.000  Zn
  5.000  1.000  9.000  Zn
  6.000  1.000  9.000  Zn
  7.000  1.000  9.000  Zn
  0.000  2.000  9.000  Zn
  1.000  2.000  9.000  Zn
  2.000  2.000  9.000  Zn
  3.000  2.000  9.000  Zn
  4.000  2.000  9.000  Zn
  5.000  2.000  9.000  Zn
  6.000  2.000  9.000  Zn
  7.000  2.000  9.000  Zn
  0.000  3.000  9.000  Zn
  1.000  3.000  9.000  Zn
  2.000  3.000  9.000  Zn
  3.000  3.000  9.000  Zn
  4.000  3.000  9.000  Zn
  5.000  3.000  9.000  Zn
  6.000  3.000  9.000  Zn
  7.000  3.000  9.000  Zn
  0.000  4.000  9.000  Zn
  1.000  4.000  9.000  Zn
  2.000  4.000  9.000  Zn
  3.000  4.000  9.000  Zn
  4.000  4.000  9.000  Zn
  5.000  4.000  9.000  Zn
  6.000  4.000  9.000  Zn
  7.000  4.000  9.000  Zn
  0.000  5.000  9.000  Zn
  1.000  5.000  9.000  Zn
  2.000  5.000  9.000  Zn
  3.000  5.000  9.000  Zn
  4.000  5.000  9.000  Zn
  5.000  5.000  9.000  Zn
  6.000  5.000  9.000  Zn
  7.000  5.000  9.000  Zn
  0.000  6.000  9.000  Zn
  1.000  6.000  9.000  Zn
  2.000  6.000  9.000  Zn
  3.000  6.000  9.000  Zn
  4.000  6.000  9.000  Zn
  5.000  6.000  9.000  Zn
  6.000  6.000  9.000  Zn
  7.000  6.000  9.000  Zn
  0.000  7.000  9.000  Zn
  1.000  7.000  9.000  Zn
  2.000  7.000  9.000  Zn
  3.000  7.000  9.000  Zn
  4.000  7.000  9.000  Zn
  5.000  7.000  9.000  Zn
  6.000  7.000  9.000  Zn
  7.000  7.000  9.000  Zn
  0.500  0.500  9.500  Zn
  1.500  0.500  9.500  Zn
  2.500  0.500  9.500  Zn
  3.500  0.500  9.500  Zn
  4.500  0.500  9.500  Zn
  5.500  0.500  9.500  Zn
  6.500  0.500  9.500  Zn
  7.500  0.500  9.500  Zn
  0.500  1.500  9.500  Zn
  1.500  1.500  9.500  Zn
  2.500  1.500  9.500  Zn
  3.500  1.500  9.500  Zn
  4.500  1.500  9.500  Zn
  5.500  1.500  9.500  Zn
  6.500  1.500  9.500  Zn
  7.500  1.500  9.500  Zn
  0.500  2.500  9.500  Zn
  1.500  2.500  9.500  Zn
  2.500  2.500  9.500  Zn
  3.500  2.500  9.500  Zn
  4.500  2.500  9.500  Zn
  5.500  2.500  9.500  Zn
  6.500  2.500  9.500  Zn
  7.500  2.500  9.500  Zn
  0.500  3.500  9.500  Zn
  1.500  3.500  9.500  Zn
  2.500  3.500  9.500  Zn
  3.500  3.500  9.500  Zn
  4.500  3.500  9.500  Zn
  5.500  3.500  9.500  Zn
  6.500  3.500  9.500  Zn
  7.500  3.500  9.500  Zn
  0.500  4.500  9.500  Zn
  1.500  4.500  9.500  Zn
  2.500  4.500  9.500  Zn
  3.500  4.500  9.500  Zn
  4.500  4.500  9.500  Zn
  5.500  4.500  9.500  Zn
  6.500  4.500  9.500  Zn
  7.500  4.500  9.500  Zn
  0.500  5.500  9.500  Zn
  1.500  5.500  9.500  Zn
  2.500  5.500  9.500  Zn
  3.500  5.500  9.500  Zn
  4.500  5.500  9.500  Zn
  5.500  5.500  9.500  Zn
  6.500  5.500  9.500  Zn
  7.500  5.500  9.500  Zn
  0.500  6.500  9.500  Zn
  1.500  6.500  9.500  Zn
  2.500  6.500  9.500  Zn
  3.500  6.500  9.500  Zn
  4.500  6.500  9.500  Zn
  5.500  6.500  9.500  Zn
  6.500  6.500  9.500  Zn
  7.500  6.500  9.500  Zn
  0.500  7.500  9.500  Zn
  1.500  7.500  9.500  Zn
  2.500  7.500  9.500  Zn
  3.500  7.500  9.500  Zn
  4.500  7.500  9.500  Zn
  5.500  7.500  9.500  Zn
  6.500  7.500  9.500  Zn
  7.500  7.500  9.500  Zn
